<?xml version="1.0" encoding="UTF-8"?>
<!-- Generated by org.testng.reporters.JUnitReportReporter -->
<testsuite hostname="vijays-MacBook-Air.local" failures="0" tests="9" name="StepDefinitions.HomePage" time="300.245" errors="0" timestamp="2025-01-27T02:05:36 IST" skipped="0">
  <testcase classname="StepDefinitions.HomePage" name="verifyHomePageLoaded" time="1.170"/>
  <system-out/>
  <testcase classname="StepDefinitions.HomePage" name="performSearchAndTakeScreenshot" time="1.109"/>
  <system-out/>
  <testcase classname="StepDefinitions.HomePage" name="verifyAboutPageLinks" time="89.998"/>
  <system-out/>
  <testcase classname="StepDefinitions.HomePage" name="verifyProgramsPageLinks" time="62.483"/>
  <system-out/>
  <testcase classname="StepDefinitions.HomePage" name="verifyServicesPageLinks" time="19.554"/>
  <system-out/>
  <testcase classname="StepDefinitions.HomePage" name="verifyCPRPageLinks" time="51.141"/>
  <system-out/>
  <testcase classname="StepDefinitions.HomePage" name="verifyContactUsPage" time="3.882"/>
  <system-out/>
  <testcase classname="StepDefinitions.HomePage" name="verifyNewsPage" time="32.369"/>
  <system-out/>
  <testcase classname="StepDefinitions.HomePage" name="verifyMyAccountPage" time="38.539"/>
  <system-out/>
</testsuite> <!-- StepDefinitions.HomePage -->
